{"name": "test_signup", "status": "failed", "statusDetails": {"message": "AssertionError: assert False", "trace": "self = <testCases.test_01signup_static.Test_003_signup object at 0x000001E363705BD0>\nsetup = <selenium.webdriver.chrome.webdriver.WebDriver (session=\"c2a70186b0d13c6a47da34b86265ae32\")>\n\n    def test_signup(self, setup):\n    \n        self.logger.info(\"************* Test_003_Signup **********\")\n        self.driver = setup\n        self.driver.get(self.baseURL)\n        self.driver.maximize_window()\n        self.driver.get(\"http://tutorpark.ssavts.in/#/register\")\n        self.logger.info(\"******* Starting Signup **********\")\n        self.signup = Signup(self.driver)\n        time.sleep(10)\n    \n        self.logger.info(\"************* Providing customer info **********\")\n    \n        self.signup.setFirstname(\"Viraj\")\n        self.signup.setLastname(\"Bhatt\")\n        self.signup.setEmail(\"viraj12@dasinfomedia.com\")\n        self.signup.setPhone(\"8965437643\")\n        self.signup.setAadhar_id(\"1234567890123456\")\n        self.signup.setPassword(\"Viraj123\")\n        self.signup.setConfirmPassword(\"Viraj123\")\n        self.signup.setAdress(\"Address Ahmedabad\")\n        self.signup.setDrpState(\"Gujarat\")\n        self.signup.setCity(\"Ahmedabad\")\n        self.signup.setPincode(\"123456\")\n        time.sleep(2)\n        self.driver.execute_script(\"window.scrollTo(0, document.body.scrollHeight);\")  # Scroll Page upto Bottom\n        time.sleep(2)\n        self.signup.clickOnSignup()\n        time.sleep(3)\n    \n        self.logger.info(\"************* Saving customer info **********\")\n    \n        self.logger.info(\"********* Add customer validation started *****************\")\n    \n        exp_url = \"http://tutorpark.ssavts.in/#/register-success\"\n        act_url = self.driver.current_url\n        exp_alert = \"The email has already been taken.\"\n        act_alert = print(self.driver.find_element(By.XPATH, \"//div[2]\").text)\n    \n        if exp_url == act_url:\n            assert True\n            self.logger.info(\"********* Signup Test Passed *********\")\n    \n        elif exp_alert == act_alert:\n            assert True\n            self.logger.info(\"********* Signup Test Passed *********\")\n        else:\n            allure.attach(self.driver.get_screenshot_as_png(), name=\"TestTodoScreen\",\n                          attachment_type=AttachmentType.PNG)\n            self.driver.save_screenshot(\".\\\\Screenshots\\\\\" + \"test_addCustomer_scr.png\")  # Screenshot\n            self.logger.error(\"********* Signup Test Failed ************\")\n>           assert False\nE           assert False\n\ntestCases\\test_01signup_static.py:69: AssertionError"}, "attachments": [{"name": "TestTodoScreen", "source": "46b9eb89-83ad-4f6e-ac77-447327ea0e4a-attachment.png", "type": "image/png"}, {"name": "log", "source": "0f375001-32da-4b8c-bbc7-e10132782443-attachment.txt", "type": "text/plain"}, {"name": "stdout", "source": "3c512fec-b38e-42e1-9ff5-3c827102ce45-attachment.txt", "type": "text/plain"}], "start": 1645614011564, "stop": 1645614032647, "uuid": "f70dab2a-7940-4556-acb7-b2362c319327", "historyId": "6e176bd29cad8f30f1f5d1d331165e67", "testCaseId": "d3037556fe4521de7dc4a671bbf08bd9", "fullName": "testCases.test_01signup_static.Test_003_signup#test_signup", "labels": [{"name": "tag", "value": "sanity"}, {"name": "parentSuite", "value": "testCases"}, {"name": "suite", "value": "test_01signup_static"}, {"name": "subSuite", "value": "Test_003_signup"}, {"name": "host", "value": "PC-24"}, {"name": "thread", "value": "23044-MainThread"}, {"name": "framework", "value": "pytest"}, {"name": "language", "value": "cpython3"}, {"name": "package", "value": "testCases.test_01signup_static"}]}